#-----------------------------------------------------------
# Vivado v2020.2 (64-bit)
# SW Build 3064766 on Wed Nov 18 09:12:45 MST 2020
# IP Build 3064653 on Wed Nov 18 14:17:31 MST 2020
# Start of session at: Sun May 25 23:10:21 2025
# Process ID: 30044
# Current directory: D:/FPGA_proj/PROJECT/ElevatorSystem
# Command line: vivado.exe -gui_launcher_event rodinguilauncherevent29220 D:\FPGA_proj\PROJECT\ElevatorSystem\ElevatorSystem.xpr
# Log file: D:/FPGA_proj/PROJECT/ElevatorSystem/vivado.log
# Journal file: D:/FPGA_proj/PROJECT/ElevatorSystem\vivado.jou
#-----------------------------------------------------------
start_gui
open_project D:/FPGA_proj/PROJECT/ElevatorSystem/ElevatorSystem.xpr
WARNING: [filemgmt 56-3] Board Part Repository Path: Could not find the directory 'D:/FPGA_proj/AppData/Roaming/Xilinx/Vivado/2020.2/xhub/board_store/xilinx_board_store'.
WARNING: [filemgmt 56-3] Default IP Output Path : Could not find the directory 'D:/FPGA_proj/PROJECT/ElevatorSystem/ElevatorSystem.gen/sources_1'.
Scanning sources...
Finished scanning sources
INFO: [IP_Flow 19-234] Refreshing IP repositories
INFO: [IP_Flow 19-1704] No user IP repositories specified
INFO: [IP_Flow 19-2313] Loaded Vivado IP repository 'D:/Xilinx/Vivado/2020.2/data/ip'.
update_compile_order -fileset sources_1
exit
INFO: [Common 17-206] Exiting Vivado at Sun May 25 23:23:06 2025...
